  1044_Proiect_Petrescu_Rares-Mihnea.cpp
C:\Users\Gucci\Desktop\POO\1044_Proiect_Petrescu_Rares-Mihnea\1044_Proiect_Petrescu_Rares-Mihnea\1044_Proiect_Petrescu_Rares-Mihnea.cpp(405,30): warning C4244: 'initializing': conversion from 'double' to 'size_t', possible loss of data
C:\Users\Gucci\Desktop\POO\1044_Proiect_Petrescu_Rares-Mihnea\1044_Proiect_Petrescu_Rares-Mihnea\1044_Proiect_Petrescu_Rares-Mihnea.cpp(417,30): warning C4244: 'initializing': conversion from 'double' to 'size_t', possible loss of data
C:\Users\Gucci\Desktop\POO\1044_Proiect_Petrescu_Rares-Mihnea\1044_Proiect_Petrescu_Rares-Mihnea\1044_Proiect_Petrescu_Rares-Mihnea.cpp(432,30): warning C4244: 'initializing': conversion from 'double' to 'size_t', possible loss of data
C:\Users\Gucci\Desktop\POO\1044_Proiect_Petrescu_Rares-Mihnea\1044_Proiect_Petrescu_Rares-Mihnea\1044_Proiect_Petrescu_Rares-Mihnea.cpp(443,30): warning C4244: 'initializing': conversion from 'double' to 'size_t', possible loss of data
C:\Users\Gucci\Desktop\POO\1044_Proiect_Petrescu_Rares-Mihnea\1044_Proiect_Petrescu_Rares-Mihnea\1044_Proiect_Petrescu_Rares-Mihnea.cpp(459,30): warning C4244: 'initializing': conversion from 'double' to 'size_t', possible loss of data
C:\Users\Gucci\Desktop\POO\1044_Proiect_Petrescu_Rares-Mihnea\1044_Proiect_Petrescu_Rares-Mihnea\1044_Proiect_Petrescu_Rares-Mihnea.cpp(479,9): warning C4244: 'initializing': conversion from 'double' to 'int', possible loss of data
C:\Users\Gucci\Desktop\POO\1044_Proiect_Petrescu_Rares-Mihnea\1044_Proiect_Petrescu_Rares-Mihnea\1044_Proiect_Petrescu_Rares-Mihnea.cpp(488,30): warning C4244: '=': conversion from 'int' to 'float', possible loss of data
C:\Users\Gucci\Desktop\POO\1044_Proiect_Petrescu_Rares-Mihnea\1044_Proiect_Petrescu_Rares-Mihnea\1044_Proiect_Petrescu_Rares-Mihnea.cpp(493,36): warning C4244: '=': conversion from 'int' to 'float', possible loss of data
C:\Users\Gucci\Desktop\POO\1044_Proiect_Petrescu_Rares-Mihnea\1044_Proiect_Petrescu_Rares-Mihnea\1044_Proiect_Petrescu_Rares-Mihnea.cpp(671,31): warning C4244: 'initializing': conversion from 'double' to 'size_t', possible loss of data
C:\Users\Gucci\Desktop\POO\1044_Proiect_Petrescu_Rares-Mihnea\1044_Proiect_Petrescu_Rares-Mihnea\1044_Proiect_Petrescu_Rares-Mihnea.cpp(722,31): warning C4244: 'initializing': conversion from 'double' to 'size_t', possible loss of data
C:\Users\Gucci\Desktop\POO\1044_Proiect_Petrescu_Rares-Mihnea\1044_Proiect_Petrescu_Rares-Mihnea\1044_Proiect_Petrescu_Rares-Mihnea.cpp(760,31): warning C4244: 'initializing': conversion from 'double' to 'size_t', possible loss of data
C:\Users\Gucci\Desktop\POO\1044_Proiect_Petrescu_Rares-Mihnea\1044_Proiect_Petrescu_Rares-Mihnea\1044_Proiect_Petrescu_Rares-Mihnea.cpp(788,30): warning C4244: 'initializing': conversion from 'double' to 'size_t', possible loss of data
C:\Users\Gucci\Desktop\POO\1044_Proiect_Petrescu_Rares-Mihnea\1044_Proiect_Petrescu_Rares-Mihnea\1044_Proiect_Petrescu_Rares-Mihnea.cpp(801,30): warning C4244: 'initializing': conversion from 'double' to 'size_t', possible loss of data
C:\Users\Gucci\Desktop\POO\1044_Proiect_Petrescu_Rares-Mihnea\1044_Proiect_Petrescu_Rares-Mihnea\1044_Proiect_Petrescu_Rares-Mihnea.cpp(817,30): warning C4244: 'initializing': conversion from 'double' to 'size_t', possible loss of data
C:\Users\Gucci\Desktop\POO\1044_Proiect_Petrescu_Rares-Mihnea\1044_Proiect_Petrescu_Rares-Mihnea\1044_Proiect_Petrescu_Rares-Mihnea.cpp(829,30): warning C4244: 'initializing': conversion from 'double' to 'size_t', possible loss of data
C:\Users\Gucci\Desktop\POO\1044_Proiect_Petrescu_Rares-Mihnea\1044_Proiect_Petrescu_Rares-Mihnea\1044_Proiect_Petrescu_Rares-Mihnea.cpp(846,30): warning C4244: 'initializing': conversion from 'double' to 'size_t', possible loss of data
C:\Users\Gucci\Desktop\POO\1044_Proiect_Petrescu_Rares-Mihnea\1044_Proiect_Petrescu_Rares-Mihnea\1044_Proiect_Petrescu_Rares-Mihnea.cpp(867,9): warning C4244: 'initializing': conversion from 'double' to 'int', possible loss of data
C:\Users\Gucci\Desktop\POO\1044_Proiect_Petrescu_Rares-Mihnea\1044_Proiect_Petrescu_Rares-Mihnea\1044_Proiect_Petrescu_Rares-Mihnea.cpp(875,30): warning C4244: '=': conversion from 'int' to 'float', possible loss of data
C:\Users\Gucci\Desktop\POO\1044_Proiect_Petrescu_Rares-Mihnea\1044_Proiect_Petrescu_Rares-Mihnea\1044_Proiect_Petrescu_Rares-Mihnea.cpp(880,36): warning C4244: '=': conversion from 'int' to 'float', possible loss of data
C:\Users\Gucci\Desktop\POO\1044_Proiect_Petrescu_Rares-Mihnea\1044_Proiect_Petrescu_Rares-Mihnea\1044_Proiect_Petrescu_Rares-Mihnea.cpp(1139,31): warning C4244: 'initializing': conversion from 'double' to 'size_t', possible loss of data
C:\Users\Gucci\Desktop\POO\1044_Proiect_Petrescu_Rares-Mihnea\1044_Proiect_Petrescu_Rares-Mihnea\1044_Proiect_Petrescu_Rares-Mihnea.cpp(1183,31): warning C4244: 'initializing': conversion from 'double' to 'size_t', possible loss of data
C:\Users\Gucci\Desktop\POO\1044_Proiect_Petrescu_Rares-Mihnea\1044_Proiect_Petrescu_Rares-Mihnea\1044_Proiect_Petrescu_Rares-Mihnea.cpp(1214,30): warning C4244: 'initializing': conversion from 'double' to 'size_t', possible loss of data
C:\Users\Gucci\Desktop\POO\1044_Proiect_Petrescu_Rares-Mihnea\1044_Proiect_Petrescu_Rares-Mihnea\1044_Proiect_Petrescu_Rares-Mihnea.cpp(1230,30): warning C4244: 'initializing': conversion from 'double' to 'size_t', possible loss of data
C:\Users\Gucci\Desktop\POO\1044_Proiect_Petrescu_Rares-Mihnea\1044_Proiect_Petrescu_Rares-Mihnea\1044_Proiect_Petrescu_Rares-Mihnea.cpp(1250,30): warning C4244: 'initializing': conversion from 'double' to 'size_t', possible loss of data
C:\Users\Gucci\Desktop\POO\1044_Proiect_Petrescu_Rares-Mihnea\1044_Proiect_Petrescu_Rares-Mihnea\1044_Proiect_Petrescu_Rares-Mihnea.cpp(1265,30): warning C4244: 'initializing': conversion from 'double' to 'size_t', possible loss of data
C:\Users\Gucci\Desktop\POO\1044_Proiect_Petrescu_Rares-Mihnea\1044_Proiect_Petrescu_Rares-Mihnea\1044_Proiect_Petrescu_Rares-Mihnea.cpp(1285,30): warning C4244: 'initializing': conversion from 'double' to 'size_t', possible loss of data
C:\Users\Gucci\Desktop\POO\1044_Proiect_Petrescu_Rares-Mihnea\1044_Proiect_Petrescu_Rares-Mihnea\1044_Proiect_Petrescu_Rares-Mihnea.cpp(1313,9): warning C4244: 'initializing': conversion from 'double' to 'int', possible loss of data
C:\Users\Gucci\Desktop\POO\1044_Proiect_Petrescu_Rares-Mihnea\1044_Proiect_Petrescu_Rares-Mihnea\1044_Proiect_Petrescu_Rares-Mihnea.cpp(1592,31): warning C4244: 'initializing': conversion from 'double' to 'size_t', possible loss of data
C:\Users\Gucci\Desktop\POO\1044_Proiect_Petrescu_Rares-Mihnea\1044_Proiect_Petrescu_Rares-Mihnea\1044_Proiect_Petrescu_Rares-Mihnea.cpp(1644,31): warning C4244: 'initializing': conversion from 'double' to 'size_t', possible loss of data
C:\Users\Gucci\Desktop\POO\1044_Proiect_Petrescu_Rares-Mihnea\1044_Proiect_Petrescu_Rares-Mihnea\1044_Proiect_Petrescu_Rares-Mihnea.cpp(290): warning C4715: 'senzorbaza::operator<': not all control paths return a value
  1044_Proiect_Petrescu_Rares-Mihnea.vcxproj -> C:\Users\Gucci\Desktop\POO\1044_Proiect_Petrescu_Rares-Mihnea\x64\Debug\1044_Proiect_Petrescu_Rares-Mihnea.exe
